<?xml version="1.0" encoding="UTF-8"?>
<!-- Generated by org.testng.reporters.JUnitReportReporter -->
<testsuite skipped="0" hostname="Mahmuduls-MBP-2.home" name="Base.SetUpBreakDown" tests="3" failures="0" timestamp="21 Jul 2019 19:48:03 GMT" time="0.018" errors="0">
  <testcase name="logInTest" time="0.008" classname="Base.SetUpBreakDown"/>
  <testcase name="changePassword" time="0.007" classname="Base.SetUpBreakDown"/>
  <testcase name="logOutTest" time="0.003" classname="Base.SetUpBreakDown"/>
</testsuite> <!-- Base.SetUpBreakDown -->
